{"/home/asmaa/week2/roman numerals/romanizer.js": {"path":"/home/asmaa/week2/roman numerals/romanizer.js","statementMap":{"0":{"start":{"line":1,"column":13},"end":{"line":58,"column":1}},"1":{"start":{"line":61,"column":16},"end":{"line":61,"column":19}},"2":{"start":{"line":62,"column":13},"end":{"line":62,"column":15}},"3":{"start":{"line":63,"column":0},"end":{"line":65,"column":1}},"4":{"start":{"line":64,"column":2},"end":{"line":64,"column":24}},"5":{"start":{"line":66,"column":0},"end":{"line":68,"column":1}},"6":{"start":{"line":67,"column":2},"end":{"line":67,"column":24}},"7":{"start":{"line":70,"column":0},"end":{"line":75,"column":2}},"8":{"start":{"line":71,"column":2},"end":{"line":74,"column":3}},"9":{"start":{"line":72,"column":4},"end":{"line":72,"column":26}},"10":{"start":{"line":73,"column":4},"end":{"line":73,"column":30}},"11":{"start":{"line":77,"column":1},"end":{"line":80,"column":2}},"12":{"start":{"line":78,"column":2},"end":{"line":79,"column":17}},"13":{"start":{"line":82,"column":1},"end":{"line":82,"column":15}},"14":{"start":{"line":85,"column":0},"end":{"line":85,"column":27}}},"fnMap":{"0":{"name":"romanizer","decl":{"start":{"line":60,"column":9},"end":{"line":60,"column":18}},"loc":{"start":{"line":60,"column":23},"end":{"line":83,"column":1}},"line":60},"1":{"name":"(anonymous_1)","decl":{"start":{"line":70,"column":16},"end":{"line":70,"column":17}},"loc":{"start":{"line":70,"column":26},"end":{"line":75,"column":1}},"line":70}},"branchMap":{"0":{"loc":{"start":{"line":63,"column":0},"end":{"line":65,"column":1}},"type":"if","locations":[{"start":{"line":63,"column":0},"end":{"line":65,"column":1}},{"start":{"line":63,"column":0},"end":{"line":65,"column":1}}],"line":63},"1":{"loc":{"start":{"line":66,"column":0},"end":{"line":68,"column":1}},"type":"if","locations":[{"start":{"line":66,"column":0},"end":{"line":68,"column":1}},{"start":{"line":66,"column":0},"end":{"line":68,"column":1}}],"line":66},"2":{"loc":{"start":{"line":66,"column":4},"end":{"line":66,"column":39}},"type":"binary-expr","locations":[{"start":{"line":66,"column":4},"end":{"line":66,"column":20}},{"start":{"line":66,"column":25},"end":{"line":66,"column":39}}],"line":66},"3":{"loc":{"start":{"line":71,"column":2},"end":{"line":74,"column":3}},"type":"if","locations":[{"start":{"line":71,"column":2},"end":{"line":74,"column":3}},{"start":{"line":71,"column":2},"end":{"line":74,"column":3}}],"line":71}},"s":{"0":1,"1":27,"2":27,"3":27,"4":1,"5":26,"6":2,"7":24,"8":336,"9":33,"10":33,"11":24,"12":24,"13":24,"14":1},"f":{"0":27,"1":336},"b":{"0":[1,26],"1":[2,24],"2":[26,25],"3":[33,303]},"_coverageSchema":"1a1c01bbd47fc00a2c39e90264f33305004495a9","hash":"e4ba6aef64b2c9b66d839e24128a7f38c5b144e2"}
}
